[2024-11-23 09:05:57] local.ERROR: require(C:\xampp\htdocs\dehqon\routes/breadcrumbs.php): Failed to open stream: No such file or directory {"exception":"[object] (ErrorException(code: 0): require(C:\\xampp\\htdocs\\dehqon\\routes/breadcrumbs.php): Failed to open stream: No such file or directory at /var/www/dehqon/vendor/davejamesmiller/laravel-breadcrumbs/src/BreadcrumbsServiceProvider.php:94)
[stacktrace]
#0 /var/www/dehqon/vendor/laravel/framework/src/Illuminate/Foundation/Bootstrap/HandleExceptions.php(256): Illuminate\\Foundation\\Bootstrap\\HandleExceptions->handleError()
#1 /var/www/dehqon/vendor/davejamesmiller/laravel-breadcrumbs/src/BreadcrumbsServiceProvider.php(94): Illuminate\\Foundation\\Bootstrap\\HandleExceptions->Illuminate\\Foundation\\Bootstrap\\{closure}()
#2 /var/www/dehqon/vendor/davejamesmiller/laravel-breadcrumbs/src/BreadcrumbsServiceProvider.php(94): require('...')
#3 /var/www/dehqon/vendor/davejamesmiller/laravel-breadcrumbs/src/BreadcrumbsServiceProvider.php(63): DaveJamesMiller\\Breadcrumbs\\BreadcrumbsServiceProvider->registerBreadcrumbs()
#4 /var/www/dehqon/vendor/laravel/framework/src/Illuminate/Container/BoundMethod.php(36): DaveJamesMiller\\Breadcrumbs\\BreadcrumbsServiceProvider->boot()
#5 /var/www/dehqon/vendor/laravel/framework/src/Illuminate/Container/Util.php(41): Illuminate\\Container\\BoundMethod::Illuminate\\Container\\{closure}()
#6 /var/www/dehqon/vendor/laravel/framework/src/Illuminate/Container/BoundMethod.php(93): Illuminate\\Container\\Util::unwrapIfClosure()
#7 /var/www/dehqon/vendor/laravel/framework/src/Illuminate/Container/BoundMethod.php(35): Illuminate\\Container\\BoundMethod::callBoundMethod()
#8 /var/www/dehqon/vendor/laravel/framework/src/Illuminate/Container/Container.php(662): Illuminate\\Container\\BoundMethod::call()
#9 /var/www/dehqon/vendor/laravel/framework/src/Illuminate/Foundation/Application.php(1103): Illuminate\\Container\\Container->call()
#10 /var/www/dehqon/vendor/laravel/framework/src/Illuminate/Foundation/Application.php(886): Illuminate\\Foundation\\Application->bootProvider()
#11 /var/www/dehqon/vendor/laravel/framework/src/Illuminate/Foundation/Application.php(995): Illuminate\\Foundation\\Application->register()
#12 /var/www/dehqon/vendor/laravel/framework/src/Illuminate/Foundation/Application.php(975): Illuminate\\Foundation\\Application->registerDeferredProvider()
#13 /var/www/dehqon/vendor/laravel/framework/src/Illuminate/Foundation/Application.php(951): Illuminate\\Foundation\\Application->loadDeferredProvider()
#14 /var/www/dehqon/vendor/laravel/framework/src/Illuminate/Foundation/Console/Kernel.php(473): Illuminate\\Foundation\\Application->loadDeferredProviders()
#15 /var/www/dehqon/vendor/laravel/framework/src/Illuminate/Foundation/Console/Kernel.php(194): Illuminate\\Foundation\\Console\\Kernel->bootstrap()
#16 /var/www/dehqon/vendor/laravel/framework/src/Illuminate/Foundation/Application.php(1187): Illuminate\\Foundation\\Console\\Kernel->handle()
#17 /var/www/dehqon/artisan(13): Illuminate\\Foundation\\Application->handleCommand()
#18 {main}
"} 
[2024-11-23 09:06:29] local.ERROR: require(C:\xampp\htdocs\dehqon\routes/breadcrumbs.php): Failed to open stream: No such file or directory {"exception":"[object] (ErrorException(code: 0): require(C:\\xampp\\htdocs\\dehqon\\routes/breadcrumbs.php): Failed to open stream: No such file or directory at /var/www/dehqon/vendor/davejamesmiller/laravel-breadcrumbs/src/BreadcrumbsServiceProvider.php:94)
[stacktrace]
#0 /var/www/dehqon/vendor/laravel/framework/src/Illuminate/Foundation/Bootstrap/HandleExceptions.php(256): Illuminate\\Foundation\\Bootstrap\\HandleExceptions->handleError()
#1 /var/www/dehqon/vendor/davejamesmiller/laravel-breadcrumbs/src/BreadcrumbsServiceProvider.php(94): Illuminate\\Foundation\\Bootstrap\\HandleExceptions->Illuminate\\Foundation\\Bootstrap\\{closure}()
#2 /var/www/dehqon/vendor/davejamesmiller/laravel-breadcrumbs/src/BreadcrumbsServiceProvider.php(94): require('...')
#3 /var/www/dehqon/vendor/davejamesmiller/laravel-breadcrumbs/src/BreadcrumbsServiceProvider.php(63): DaveJamesMiller\\Breadcrumbs\\BreadcrumbsServiceProvider->registerBreadcrumbs()
#4 /var/www/dehqon/vendor/laravel/framework/src/Illuminate/Container/BoundMethod.php(36): DaveJamesMiller\\Breadcrumbs\\BreadcrumbsServiceProvider->boot()
#5 /var/www/dehqon/vendor/laravel/framework/src/Illuminate/Container/Util.php(41): Illuminate\\Container\\BoundMethod::Illuminate\\Container\\{closure}()
#6 /var/www/dehqon/vendor/laravel/framework/src/Illuminate/Container/BoundMethod.php(93): Illuminate\\Container\\Util::unwrapIfClosure()
#7 /var/www/dehqon/vendor/laravel/framework/src/Illuminate/Container/BoundMethod.php(35): Illuminate\\Container\\BoundMethod::callBoundMethod()
#8 /var/www/dehqon/vendor/laravel/framework/src/Illuminate/Container/Container.php(662): Illuminate\\Container\\BoundMethod::call()
#9 /var/www/dehqon/vendor/laravel/framework/src/Illuminate/Foundation/Application.php(1103): Illuminate\\Container\\Container->call()
#10 /var/www/dehqon/vendor/laravel/framework/src/Illuminate/Foundation/Application.php(886): Illuminate\\Foundation\\Application->bootProvider()
#11 /var/www/dehqon/vendor/laravel/framework/src/Illuminate/Foundation/Application.php(995): Illuminate\\Foundation\\Application->register()
#12 /var/www/dehqon/vendor/laravel/framework/src/Illuminate/Foundation/Application.php(975): Illuminate\\Foundation\\Application->registerDeferredProvider()
#13 /var/www/dehqon/vendor/laravel/framework/src/Illuminate/Foundation/Application.php(951): Illuminate\\Foundation\\Application->loadDeferredProvider()
#14 /var/www/dehqon/vendor/laravel/framework/src/Illuminate/Foundation/Console/Kernel.php(473): Illuminate\\Foundation\\Application->loadDeferredProviders()
#15 /var/www/dehqon/vendor/laravel/framework/src/Illuminate/Foundation/Console/Kernel.php(194): Illuminate\\Foundation\\Console\\Kernel->bootstrap()
#16 /var/www/dehqon/vendor/laravel/framework/src/Illuminate/Foundation/Application.php(1187): Illuminate\\Foundation\\Console\\Kernel->handle()
#17 /var/www/dehqon/artisan(13): Illuminate\\Foundation\\Application->handleCommand()
#18 {main}
"} 
[2024-11-23 09:07:11] local.ERROR: require(C:\xampp\htdocs\dehqon\routes/breadcrumbs.php): Failed to open stream: No such file or directory {"exception":"[object] (ErrorException(code: 0): require(C:\\xampp\\htdocs\\dehqon\\routes/breadcrumbs.php): Failed to open stream: No such file or directory at /var/www/dehqon/vendor/davejamesmiller/laravel-breadcrumbs/src/BreadcrumbsServiceProvider.php:94)
[stacktrace]
#0 /var/www/dehqon/vendor/laravel/framework/src/Illuminate/Foundation/Bootstrap/HandleExceptions.php(256): Illuminate\\Foundation\\Bootstrap\\HandleExceptions->handleError()
#1 /var/www/dehqon/vendor/davejamesmiller/laravel-breadcrumbs/src/BreadcrumbsServiceProvider.php(94): Illuminate\\Foundation\\Bootstrap\\HandleExceptions->Illuminate\\Foundation\\Bootstrap\\{closure}()
#2 /var/www/dehqon/vendor/davejamesmiller/laravel-breadcrumbs/src/BreadcrumbsServiceProvider.php(94): require('...')
#3 /var/www/dehqon/vendor/davejamesmiller/laravel-breadcrumbs/src/BreadcrumbsServiceProvider.php(63): DaveJamesMiller\\Breadcrumbs\\BreadcrumbsServiceProvider->registerBreadcrumbs()
#4 /var/www/dehqon/vendor/laravel/framework/src/Illuminate/Container/BoundMethod.php(36): DaveJamesMiller\\Breadcrumbs\\BreadcrumbsServiceProvider->boot()
#5 /var/www/dehqon/vendor/laravel/framework/src/Illuminate/Container/Util.php(41): Illuminate\\Container\\BoundMethod::Illuminate\\Container\\{closure}()
#6 /var/www/dehqon/vendor/laravel/framework/src/Illuminate/Container/BoundMethod.php(93): Illuminate\\Container\\Util::unwrapIfClosure()
#7 /var/www/dehqon/vendor/laravel/framework/src/Illuminate/Container/BoundMethod.php(35): Illuminate\\Container\\BoundMethod::callBoundMethod()
#8 /var/www/dehqon/vendor/laravel/framework/src/Illuminate/Container/Container.php(662): Illuminate\\Container\\BoundMethod::call()
#9 /var/www/dehqon/vendor/laravel/framework/src/Illuminate/Foundation/Application.php(1103): Illuminate\\Container\\Container->call()
#10 /var/www/dehqon/vendor/laravel/framework/src/Illuminate/Foundation/Application.php(886): Illuminate\\Foundation\\Application->bootProvider()
#11 /var/www/dehqon/vendor/laravel/framework/src/Illuminate/Foundation/Application.php(995): Illuminate\\Foundation\\Application->register()
#12 /var/www/dehqon/vendor/laravel/framework/src/Illuminate/Foundation/Application.php(975): Illuminate\\Foundation\\Application->registerDeferredProvider()
#13 /var/www/dehqon/vendor/laravel/framework/src/Illuminate/Foundation/Application.php(951): Illuminate\\Foundation\\Application->loadDeferredProvider()
#14 /var/www/dehqon/vendor/laravel/framework/src/Illuminate/Foundation/Console/Kernel.php(473): Illuminate\\Foundation\\Application->loadDeferredProviders()
#15 /var/www/dehqon/vendor/laravel/framework/src/Illuminate/Foundation/Console/Kernel.php(194): Illuminate\\Foundation\\Console\\Kernel->bootstrap()
#16 /var/www/dehqon/vendor/laravel/framework/src/Illuminate/Foundation/Application.php(1187): Illuminate\\Foundation\\Console\\Kernel->handle()
#17 /var/www/dehqon/artisan(13): Illuminate\\Foundation\\Application->handleCommand()
#18 {main}
"} 
